2024-09-16 15:41:27,444 - app.core.logger - INFO - Running in DEV mode
2024-09-16 15:45:26,061 - app.core.logger - INFO - Running in DEV mode
2024-09-16 15:49:38,371 - app.core.logger - INFO - Running in DEV mode
2024-09-16 15:50:00,756 - app.core.logger - INFO - Running in DEV mode
2024-09-16 15:50:32,536 - app.core.logger - INFO - Running in DEV mode
2024-09-16 15:50:32,537 - app.core.logger - INFO - Setting up FastAPI application
2024-09-16 15:50:45,969 - app.core.logger - INFO - Tearing down FastAPI application
2024-09-16 15:50:46,294 - app.core.logger - INFO - Running in DEV mode
2024-09-16 15:50:46,295 - app.core.logger - INFO - Setting up FastAPI application
2024-09-16 15:50:50,141 - app.core.logger - INFO - Tearing down FastAPI application
2024-09-16 15:50:50,474 - app.core.logger - INFO - Running in DEV mode
2024-09-16 15:50:50,474 - app.core.logger - INFO - Setting up FastAPI application
2024-09-16 15:58:23,189 - app.core.logger - INFO - Tearing down FastAPI application
2024-09-16 15:58:23,573 - app.core.logger - INFO - Running in DEV mode
2024-09-16 15:58:23,574 - app.core.logger - INFO - Setting up FastAPI application
2024-09-16 16:00:45,243 - app.core.logger - INFO - Tearing down FastAPI application
2024-09-16 16:05:33,069 - app.core.logger - INFO - Running in DEV mode
2024-09-16 16:05:33,070 - app.core.logger - INFO - Setting up FastAPI application
2024-09-16 16:05:43,073 - app.core.logger - INFO - Running in DEV mode
2024-09-16 16:05:43,074 - app.core.logger - INFO - Setting up FastAPI application
2024-09-16 16:06:13,857 - app.core.logger - INFO - Running in DEV mode
2024-09-16 16:06:13,858 - app.core.logger - INFO - Setting up FastAPI application
2024-09-16 16:06:44,114 - app.core.logger - INFO - Running in DEV mode
2024-09-16 16:06:44,114 - app.core.logger - INFO - Setting up FastAPI application
2024-09-16 16:06:50,931 - app.core.logger - INFO - Running in DEV mode
2024-09-16 16:06:50,932 - app.core.logger - INFO - Setting up FastAPI application
2024-09-16 19:50:12,938 - app.core.logger - INFO - Tearing down FastAPI application
2024-09-16 19:50:13,255 - app.core.logger - INFO - Running in DEV mode
2024-09-16 19:50:13,256 - app.core.logger - INFO - Setting up FastAPI application
2024-09-16 19:50:33,600 - app.core.logger - INFO - Tearing down FastAPI application
2024-09-16 19:50:33,864 - app.core.logger - INFO - Running in DEV mode
2024-09-16 19:50:33,865 - app.core.logger - INFO - Setting up FastAPI application
2024-09-16 19:50:55,303 - app.core.logger - INFO - Running in DEV mode
2024-09-16 19:50:55,303 - app.core.logger - INFO - Setting up FastAPI application
2024-09-16 19:51:10,523 - app.core.logger - INFO - Tearing down FastAPI application
2024-09-16 19:51:10,774 - app.core.logger - INFO - Running in DEV mode
2024-09-16 19:51:10,775 - app.core.logger - INFO - Setting up FastAPI application
2024-09-16 19:53:43,541 - app.core.logger - INFO - Tearing down FastAPI application
2024-09-16 19:53:43,818 - app.core.logger - INFO - Running in DEV mode
2024-09-16 19:53:43,819 - app.core.logger - INFO - Setting up FastAPI application
2024-09-16 19:55:47,003 - app.core.logger - INFO - Tearing down FastAPI application
2024-09-16 19:55:47,257 - app.core.logger - INFO - Running in DEV mode
2024-09-16 19:55:47,258 - app.core.logger - INFO - Setting up FastAPI application
2024-09-16 19:56:21,908 - app.core.logger - INFO - Tearing down FastAPI application
2024-09-16 19:56:22,152 - app.core.logger - INFO - Running in DEV mode
2024-09-16 19:56:22,152 - app.core.logger - INFO - Setting up FastAPI application
2024-09-16 20:01:40,090 - app.core.logger - INFO - Tearing down FastAPI application
2024-09-16 20:01:40,304 - app.core.logger - INFO - Running in DEV mode
2024-09-16 20:01:40,305 - app.core.logger - INFO - Setting up FastAPI application
2024-09-16 20:02:30,522 - app.core.logger - INFO - Tearing down FastAPI application
2024-09-16 20:02:30,771 - app.core.logger - INFO - Running in DEV mode
2024-09-16 20:02:30,772 - app.core.logger - INFO - Setting up FastAPI application
2024-09-16 20:03:20,030 - app.core.logger - INFO - Tearing down FastAPI application
2024-09-16 20:03:20,245 - app.core.logger - INFO - Running in DEV mode
2024-09-16 20:03:20,245 - app.core.logger - INFO - Setting up FastAPI application
2024-09-16 20:06:56,327 - app.core.logger - INFO - Tearing down FastAPI application
2024-09-16 20:06:56,568 - app.core.logger - INFO - Running in DEV mode
2024-09-16 20:06:56,568 - app.core.logger - INFO - Setting up FastAPI application
2024-09-16 20:08:17,381 - app.core.logger - INFO - Tearing down FastAPI application
2024-09-16 20:08:17,605 - app.core.logger - INFO - Running in DEV mode
2024-09-16 20:08:17,606 - app.core.logger - INFO - Setting up FastAPI application
2024-09-16 20:10:16,816 - app.core.logger - INFO - Tearing down FastAPI application
2024-09-16 20:10:17,063 - app.core.logger - INFO - Running in DEV mode
2024-09-16 20:10:17,063 - app.core.logger - INFO - Setting up FastAPI application
2024-09-16 20:10:29,306 - app.core.logger - INFO - Running in DEV mode
2024-09-16 20:10:29,306 - app.core.logger - INFO - Setting up FastAPI application
2024-09-16 20:11:11,477 - app.core.logger - INFO - Running in DEV mode
2024-09-16 20:11:11,478 - app.core.logger - INFO - Setting up FastAPI application
2024-09-16 20:11:58,480 - app.core.logger - INFO - Running in DEV mode
2024-09-16 20:11:58,480 - app.core.logger - INFO - Setting up FastAPI application
2024-09-16 20:12:25,639 - app.core.logger - INFO - Running in DEV mode
2024-09-16 20:12:25,639 - app.core.logger - INFO - Setting up FastAPI application
2024-09-16 20:18:34,744 - app.core.logger - INFO - Tearing down FastAPI application
2024-09-16 20:18:38,861 - app.core.logger - INFO - Running in DEV mode
2024-09-16 20:18:38,861 - app.core.logger - INFO - Setting up FastAPI application
2024-09-16 20:18:55,957 - app.core.logger - INFO - Tearing down FastAPI application
2024-09-16 20:18:59,622 - app.core.logger - INFO - Running in DEV mode
2024-09-16 20:18:59,711 - app.core.logger - INFO - Setting up FastAPI application
2024-09-16 20:19:11,595 - app.core.logger - INFO - Running in DEV mode
2024-09-16 20:19:11,596 - app.core.logger - INFO - Setting up FastAPI application
2024-09-16 20:22:00,899 - app.core.logger - INFO - Tearing down FastAPI application
2024-09-16 20:22:01,183 - app.core.logger - INFO - Running in DEV mode
2024-09-16 20:22:01,184 - app.core.logger - INFO - Setting up FastAPI application
2024-09-16 20:22:22,573 - app.core.logger - INFO - Tearing down FastAPI application
2024-09-16 20:22:22,830 - app.core.logger - INFO - Running in DEV mode
2024-09-16 20:22:22,831 - app.core.logger - INFO - Setting up FastAPI application
2024-09-16 20:22:28,479 - app.core.logger - INFO - Tearing down FastAPI application
2024-09-16 20:22:28,692 - app.core.logger - INFO - Running in DEV mode
2024-09-16 20:22:28,693 - app.core.logger - INFO - Setting up FastAPI application
2024-09-16 20:22:56,862 - app.core.logger - INFO - Tearing down FastAPI application
2024-09-16 20:22:57,115 - app.core.logger - INFO - Running in DEV mode
2024-09-16 20:22:57,115 - app.core.logger - INFO - Setting up FastAPI application
2024-09-16 20:24:00,888 - app.core.logger - INFO - Tearing down FastAPI application
2024-09-16 20:24:01,135 - app.core.logger - INFO - Running in DEV mode
2024-09-16 20:24:01,135 - uvicorn.error - INFO - Started server process [14]
2024-09-16 20:24:01,135 - uvicorn.error - INFO - Waiting for application startup.
2024-09-16 20:24:01,135 - app.core.logger - INFO - Setting up FastAPI application
2024-09-16 20:24:01,242 - uvicorn.error - INFO - Application startup complete.
2024-09-16 20:24:04,761 - uvicorn.error - INFO - Shutting down
2024-09-16 20:24:04,868 - uvicorn.error - INFO - Waiting for application shutdown.
2024-09-16 20:24:04,869 - app.core.logger - INFO - Tearing down FastAPI application
2024-09-16 20:24:04,870 - uvicorn.error - INFO - Application shutdown complete.
2024-09-16 20:24:04,870 - uvicorn.error - INFO - Finished server process [14]
2024-09-16 20:24:05,110 - app.core.logger - INFO - Running in DEV mode
2024-09-16 20:24:05,111 - uvicorn.error - INFO - Started server process [15]
2024-09-16 20:24:05,111 - uvicorn.error - INFO - Waiting for application startup.
2024-09-16 20:24:05,111 - app.core.logger - INFO - Setting up FastAPI application
2024-09-16 20:24:05,223 - uvicorn.error - INFO - Application startup complete.
2024-09-16 20:29:03,379 - uvicorn.error - INFO - Shutting down
2024-09-16 20:29:03,484 - uvicorn.error - INFO - Waiting for application shutdown.
2024-09-16 20:29:03,485 - app.core.logger - INFO - Tearing down FastAPI application
2024-09-16 20:29:03,486 - uvicorn.error - INFO - Application shutdown complete.
2024-09-16 20:29:03,486 - uvicorn.error - INFO - Finished server process [15]
2024-09-16 20:30:18,014 - app.core.logger - INFO - Running in DEV mode
2024-09-16 20:30:18,014 - uvicorn.error - INFO - Started server process [20]
2024-09-16 20:30:18,014 - uvicorn.error - INFO - Waiting for application startup.
2024-09-16 20:30:18,015 - app.core.logger - INFO - Setting up FastAPI application
2024-09-16 20:30:18,122 - uvicorn.error - INFO - Application startup complete.
2024-09-16 20:30:20,296 - uvicorn.error - INFO - Shutting down
2024-09-16 20:30:20,403 - uvicorn.error - INFO - Waiting for application shutdown.
2024-09-16 20:30:20,404 - app.core.logger - INFO - Tearing down FastAPI application
2024-09-16 20:30:20,405 - uvicorn.error - INFO - Application shutdown complete.
2024-09-16 20:30:20,407 - uvicorn.error - INFO - Finished server process [20]
2024-09-16 20:30:20,656 - app.core.logger - INFO - Running in DEV mode
2024-09-16 20:30:20,656 - uvicorn.error - INFO - Started server process [21]
2024-09-16 20:30:20,656 - uvicorn.error - INFO - Waiting for application startup.
2024-09-16 20:30:20,657 - app.core.logger - INFO - Setting up FastAPI application
2024-09-16 20:30:20,762 - uvicorn.error - INFO - Application startup complete.
2024-09-16 20:31:27,922 - uvicorn.error - INFO - Shutting down
2024-09-16 20:31:28,029 - uvicorn.error - INFO - Waiting for application shutdown.
2024-09-16 20:31:28,030 - app.core.logger - INFO - Tearing down FastAPI application
2024-09-16 20:31:28,031 - uvicorn.error - INFO - Application shutdown complete.
2024-09-16 20:31:28,031 - uvicorn.error - INFO - Finished server process [21]
2024-09-16 20:31:28,285 - app.core.logger - INFO - Running in DEV mode
2024-09-16 20:31:28,286 - uvicorn.error - INFO - Started server process [23]
2024-09-16 20:31:28,286 - uvicorn.error - INFO - Waiting for application startup.
2024-09-16 20:31:28,286 - app.core.logger - INFO - Setting up FastAPI application
2024-09-16 20:31:28,392 - uvicorn.error - INFO - Application startup complete.
2024-09-16 20:31:46,250 - uvicorn.error - INFO - Shutting down
2024-09-16 20:31:46,353 - uvicorn.error - INFO - Waiting for application shutdown.
2024-09-16 20:31:46,354 - app.core.logger - INFO - Tearing down FastAPI application
2024-09-16 20:31:46,354 - uvicorn.error - INFO - Application shutdown complete.
2024-09-16 20:31:46,355 - uvicorn.error - INFO - Finished server process [23]
2024-09-16 20:31:46,589 - app.core.logger - INFO - Running in DEV mode
2024-09-16 20:31:46,590 - uvicorn.error - INFO - Started server process [24]
2024-09-16 20:31:46,590 - uvicorn.error - INFO - Waiting for application startup.
2024-09-16 20:31:46,590 - app.core.logger - INFO - Setting up FastAPI application
2024-09-16 20:31:46,695 - uvicorn.error - INFO - Application startup complete.
2024-09-16 20:31:54,502 - uvicorn.error - INFO - Shutting down
2024-09-16 20:31:54,606 - uvicorn.error - INFO - Waiting for application shutdown.
2024-09-16 20:31:54,607 - app.core.logger - INFO - Tearing down FastAPI application
2024-09-16 20:31:54,607 - uvicorn.error - INFO - Application shutdown complete.
2024-09-16 20:31:54,608 - uvicorn.error - INFO - Finished server process [24]
2024-09-16 20:31:54,867 - app.core.logger - INFO - Running in DEV mode
2024-09-16 20:31:54,868 - uvicorn.error - INFO - Started server process [25]
2024-09-16 20:31:54,868 - uvicorn.error - INFO - Waiting for application startup.
2024-09-16 20:31:54,868 - app.core.logger - INFO - Setting up FastAPI application
2024-09-16 20:31:54,980 - uvicorn.error - INFO - Application startup complete.
2024-09-16 20:31:56,540 - uvicorn.error - INFO - Shutting down
2024-09-16 20:31:56,644 - uvicorn.error - INFO - Waiting for application shutdown.
2024-09-16 20:31:56,645 - app.core.logger - INFO - Tearing down FastAPI application
2024-09-16 20:31:56,646 - uvicorn.error - INFO - Application shutdown complete.
2024-09-16 20:31:56,647 - uvicorn.error - INFO - Finished server process [25]
2024-09-16 20:31:56,895 - app.core.logger - INFO - Running in DEV mode
2024-09-16 20:31:56,895 - uvicorn.error - INFO - Started server process [26]
2024-09-16 20:31:56,895 - uvicorn.error - INFO - Waiting for application startup.
2024-09-16 20:31:56,896 - app.core.logger - INFO - Setting up FastAPI application
2024-09-16 20:31:57,002 - uvicorn.error - INFO - Application startup complete.
2024-09-16 20:32:25,278 - uvicorn.error - INFO - Shutting down
2024-09-16 20:32:25,385 - uvicorn.error - INFO - Waiting for application shutdown.
2024-09-16 20:32:25,387 - app.core.logger - INFO - Tearing down FastAPI application
2024-09-16 20:32:25,387 - uvicorn.error - INFO - Application shutdown complete.
2024-09-16 20:32:25,388 - uvicorn.error - INFO - Finished server process [26]
2024-09-16 20:32:57,183 - app.core.logger - INFO - Running in DEV mode
2024-09-16 20:32:57,183 - uvicorn.error - INFO - Started server process [31]
2024-09-16 20:32:57,184 - uvicorn.error - INFO - Waiting for application startup.
2024-09-16 20:32:57,184 - app.core.logger - INFO - Setting up FastAPI application
2024-09-16 20:32:57,295 - uvicorn.error - INFO - Application startup complete.
2024-09-16 20:32:58,947 - uvicorn.error - INFO - Shutting down
2024-09-16 20:32:59,054 - uvicorn.error - INFO - Waiting for application shutdown.
2024-09-16 20:32:59,056 - app.core.logger - INFO - Tearing down FastAPI application
2024-09-16 20:32:59,057 - uvicorn.error - INFO - Application shutdown complete.
2024-09-16 20:32:59,058 - uvicorn.error - INFO - Finished server process [31]
2024-09-16 20:32:59,311 - app.core.logger - INFO - Running in DEV mode
2024-09-16 20:32:59,311 - uvicorn.error - INFO - Started server process [32]
2024-09-16 20:32:59,311 - uvicorn.error - INFO - Waiting for application startup.
2024-09-16 20:32:59,311 - app.core.logger - INFO - Setting up FastAPI application
2024-09-16 20:32:59,416 - uvicorn.error - INFO - Application startup complete.
2024-09-16 20:35:29,165 - uvicorn.error - INFO - Shutting down
2024-09-16 20:35:29,272 - uvicorn.error - INFO - Waiting for application shutdown.
2024-09-16 20:35:29,272 - app.core.logger - INFO - Tearing down FastAPI application
2024-09-16 20:35:29,273 - uvicorn.error - INFO - Application shutdown complete.
2024-09-16 20:35:29,273 - uvicorn.error - INFO - Finished server process [32]
2024-09-16 20:41:04,709 - app.core.logger - INFO - Running in DEV mode
2024-09-16 20:41:04,709 - uvicorn.error - INFO - Started server process [8]
2024-09-16 20:41:04,709 - uvicorn.error - INFO - Waiting for application startup.
2024-09-16 20:41:04,710 - app.core.logger - INFO - Setting up FastAPI application
2024-09-16 20:41:04,829 - uvicorn.error - INFO - Application startup complete.
2024-09-16 20:41:08,255 - uvicorn.error - INFO - Shutting down
2024-09-16 20:41:08,357 - uvicorn.error - INFO - Waiting for application shutdown.
2024-09-16 20:41:08,358 - app.core.logger - INFO - Tearing down FastAPI application
2024-09-16 20:41:08,359 - uvicorn.error - INFO - Application shutdown complete.
2024-09-16 20:41:08,359 - uvicorn.error - INFO - Finished server process [8]
2024-09-16 20:45:11,424 - app.core.logger - INFO - Running in DEV mode
2024-09-16 20:45:11,424 - uvicorn.error - INFO - Started server process [8]
2024-09-16 20:45:11,425 - uvicorn.error - INFO - Waiting for application startup.
2024-09-16 20:45:11,425 - uvicorn.error - INFO - Application startup complete.
2024-09-16 20:45:25,833 - uvicorn.error - INFO - Shutting down
2024-09-16 20:45:25,938 - uvicorn.error - INFO - Waiting for application shutdown.
2024-09-16 20:45:25,939 - uvicorn.error - INFO - Application shutdown complete.
2024-09-16 20:45:25,939 - uvicorn.error - INFO - Finished server process [8]
2024-09-16 20:45:30,685 - app.core.logger - INFO - Running in DEV mode
2024-09-16 20:45:30,686 - uvicorn.error - INFO - Started server process [8]
2024-09-16 20:45:30,686 - uvicorn.error - INFO - Waiting for application startup.
2024-09-16 20:45:30,686 - uvicorn.error - INFO - Application startup complete.
2024-09-16 20:46:15,986 - uvicorn.error - INFO - Shutting down
2024-09-16 20:46:16,091 - uvicorn.error - INFO - Waiting for application shutdown.
2024-09-16 20:46:16,092 - uvicorn.error - INFO - Application shutdown complete.
2024-09-16 20:46:16,093 - uvicorn.error - INFO - Finished server process [8]
2024-09-16 20:52:50,906 - app.core.logger - INFO - Running in DEV mode
2024-09-16 20:52:50,907 - uvicorn.error - INFO - Started server process [7]
2024-09-16 20:52:50,907 - uvicorn.error - INFO - Waiting for application startup.
2024-09-16 20:52:50,907 - app.core.logger - INFO - Setting up FastAPI application
2024-09-16 20:52:51,257 - uvicorn.error - INFO - Application startup complete.
2024-09-16 20:53:51,749 - uvicorn.error - INFO - Shutting down
2024-09-16 20:53:51,855 - uvicorn.error - INFO - Waiting for application shutdown.
2024-09-16 20:53:51,857 - app.core.logger - INFO - Tearing down FastAPI application
2024-09-16 20:53:51,857 - uvicorn.error - INFO - Application shutdown complete.
2024-09-16 20:53:51,858 - uvicorn.error - INFO - Finished server process [7]
